Library/Bee/Android/Prj/Mono2x/Gradle/launcher/build/intermediates/manifest_merge_blame_file/release/manifest-merger-blame-release-report.txt
1<?xml version="1.0" encoding="utf-8"?>
2<manifest xmlns:android="http://schemas.android.com/apk/res/android"
3    package="com.GGames.ThreeDRunner"
4    android:installLocation="preferExternal"
5    android:versionCode="1"
6    android:versionName="0.1" >
7
8    <uses-sdk
9        android:minSdkVersion="22"
9-->src\main\AndroidManifest.xml
10        android:targetSdkVersion="32" />
10-->src\main\AndroidManifest.xml
11
12    <supports-screens
12-->src\main\AndroidManifest.xml:4:3-163
13        android:anyDensity="true"
13-->src\main\AndroidManifest.xml:4:135-160
14        android:largeScreens="true"
14-->src\main\AndroidManifest.xml:4:78-105
15        android:normalScreens="true"
15-->src\main\AndroidManifest.xml:4:49-77
16        android:smallScreens="true"
16-->src\main\AndroidManifest.xml:4:21-48
17        android:xlargeScreens="true" />
17-->src\main\AndroidManifest.xml:4:106-134
18
19    <uses-permission android:name="android.permission.INTERNET" />
19-->[:unityLibrary] AndroidManifest.xml:10:5-67
19-->[:unityLibrary] AndroidManifest.xml:10:22-64
20    <uses-permission android:name="android.permission.ACCESS_NETWORK_STATE" />
20-->[:unityLibrary] AndroidManifest.xml:11:5-79
20-->[:unityLibrary] AndroidManifest.xml:11:22-76
21
22    <uses-feature android:glEsVersion="0x00030000" />
22-->[:unityLibrary] AndroidManifest.xml:13:5-54
22-->[:unityLibrary] AndroidManifest.xml:13:19-51
23    <uses-feature
23-->[:unityLibrary] AndroidManifest.xml:14:5-16:36
24        android:name="android.hardware.vulkan.version"
24-->[:unityLibrary] AndroidManifest.xml:15:9-55
25        android:required="false" />
25-->[:unityLibrary] AndroidManifest.xml:16:9-33
26    <uses-feature
26-->[:unityLibrary] AndroidManifest.xml:17:5-19:36
27        android:name="android.hardware.touchscreen"
27-->[:unityLibrary] AndroidManifest.xml:18:9-52
28        android:required="false" />
28-->[:unityLibrary] AndroidManifest.xml:19:9-33
29    <uses-feature
29-->[:unityLibrary] AndroidManifest.xml:20:5-22:36
30        android:name="android.hardware.touchscreen.multitouch"
30-->[:unityLibrary] AndroidManifest.xml:21:9-63
31        android:required="false" />
31-->[:unityLibrary] AndroidManifest.xml:22:9-33
32    <uses-feature
32-->[:unityLibrary] AndroidManifest.xml:23:5-25:36
33        android:name="android.hardware.touchscreen.multitouch.distinct"
33-->[:unityLibrary] AndroidManifest.xml:24:9-72
34        android:required="false" />
34-->[:unityLibrary] AndroidManifest.xml:25:9-33
35
36    <uses-permission android:name="com.google.android.gms.permission.AD_ID" />
36-->[:UnityAds:] AndroidManifest.xml:11:5-79
36-->[:UnityAds:] AndroidManifest.xml:11:22-76
37    <uses-permission android:name="com.android.vending.BILLING" />
37-->[:billing-5.1.0:] AndroidManifest.xml:10:5-67
37-->[:billing-5.1.0:] AndroidManifest.xml:10:22-64
38    <!--
39    This has been added to conform with requirement from Android 11 (API level 30) onwards
40    (http://screen/9iGdBMRWDmVbRJ6), after getting confirmation in http://yaqs/995038231927980032#a1
41    -->
42    <queries>
42-->[:billing-5.1.0:] AndroidManifest.xml:16:5-20:15
43        <intent>
43-->[:billing-5.1.0:] AndroidManifest.xml:17:9-19:18
44            <action android:name="com.android.vending.billing.InAppBillingService.BIND" />
44-->[:billing-5.1.0:] AndroidManifest.xml:18:13-91
44-->[:billing-5.1.0:] AndroidManifest.xml:18:21-88
45        </intent>
46    </queries>
47
48    <application
48-->src\main\AndroidManifest.xml:3:3-83
49        android:extractNativeLibs="true"
49-->[:unityLibrary] AndroidManifest.xml:27:18-50
50        android:icon="@mipmap/app_icon"
50-->src\main\AndroidManifest.xml:3:49-80
51        android:label="@string/app_name" >
51-->src\main\AndroidManifest.xml:3:16-48
52        <meta-data
52-->[:unityLibrary] AndroidManifest.xml:28:9-30:33
53            android:name="unity.splash-mode"
53-->[:unityLibrary] AndroidManifest.xml:29:13-45
54            android:value="0" />
54-->[:unityLibrary] AndroidManifest.xml:30:13-30
55        <meta-data
55-->[:unityLibrary] AndroidManifest.xml:31:9-33:36
56            android:name="unity.splash-enable"
56-->[:unityLibrary] AndroidManifest.xml:32:13-47
57            android:value="True" />
57-->[:unityLibrary] AndroidManifest.xml:33:13-33
58        <meta-data
58-->[:unityLibrary] AndroidManifest.xml:34:9-36:36
59            android:name="unity.launch-fullscreen"
59-->[:unityLibrary] AndroidManifest.xml:35:13-51
60            android:value="True" />
60-->[:unityLibrary] AndroidManifest.xml:36:13-33
61        <meta-data
61-->[:unityLibrary] AndroidManifest.xml:37:9-39:37
62            android:name="unity.allow-resizable-window"
62-->[:unityLibrary] AndroidManifest.xml:38:13-56
63            android:value="False" />
63-->[:unityLibrary] AndroidManifest.xml:39:13-34
64        <meta-data
64-->[:unityLibrary] AndroidManifest.xml:40:9-42:50
65            android:name="notch.config"
65-->[:unityLibrary] AndroidManifest.xml:41:13-40
66            android:value="portrait|landscape" />
66-->[:unityLibrary] AndroidManifest.xml:42:13-47
67        <meta-data
67-->[:unityLibrary] AndroidManifest.xml:43:9-45:36
68            android:name="unity.auto-report-fully-drawn"
68-->[:unityLibrary] AndroidManifest.xml:44:13-57
69            android:value="true" />
69-->[:unityLibrary] AndroidManifest.xml:45:13-33
70
71        <activity
71-->[:unityLibrary] AndroidManifest.xml:47:9-68:20
72            android:name="com.unity3d.player.UnityPlayerActivity"
72-->[:unityLibrary] AndroidManifest.xml:48:13-66
73            android:configChanges="mcc|mnc|locale|touchscreen|keyboard|keyboardHidden|navigation|orientation|screenLayout|uiMode|screenSize|smallestScreenSize|fontScale|layoutDirection|density"
73-->[:unityLibrary] AndroidManifest.xml:49:13-194
74            android:exported="true"
74-->[:unityLibrary] AndroidManifest.xml:50:13-36
75            android:hardwareAccelerated="false"
75-->[:unityLibrary] AndroidManifest.xml:51:13-48
76            android:launchMode="singleTask"
76-->[:unityLibrary] AndroidManifest.xml:52:13-44
77            android:resizeableActivity="false"
77-->[:unityLibrary] AndroidManifest.xml:53:13-47
78            android:screenOrientation="portrait"
78-->[:unityLibrary] AndroidManifest.xml:54:13-49
79            android:theme="@style/UnityThemeSelector" >
79-->[:unityLibrary] AndroidManifest.xml:55:13-54
80            <intent-filter>
80-->[:unityLibrary] AndroidManifest.xml:56:13-60:29
81                <category android:name="android.intent.category.LAUNCHER" />
81-->[:unityLibrary] AndroidManifest.xml:57:17-77
81-->[:unityLibrary] AndroidManifest.xml:57:27-74
82
83                <action android:name="android.intent.action.MAIN" />
83-->[:unityLibrary] AndroidManifest.xml:59:17-69
83-->[:unityLibrary] AndroidManifest.xml:59:25-66
84            </intent-filter>
85
86            <meta-data
86-->[:unityLibrary] AndroidManifest.xml:62:13-64:40
87                android:name="unityplayer.UnityActivity"
87-->[:unityLibrary] AndroidManifest.xml:63:17-57
88                android:value="true" />
88-->[:unityLibrary] AndroidManifest.xml:64:17-37
89            <meta-data
89-->[:unityLibrary] AndroidManifest.xml:65:13-67:40
90                android:name="notch_support"
90-->[:unityLibrary] AndroidManifest.xml:66:17-45
91                android:value="true" />
91-->[:unityLibrary] AndroidManifest.xml:67:17-37
92        </activity>
93        <activity
93-->[:UnityAds:] AndroidManifest.xml:14:9-18:74
94            android:name="com.unity3d.services.ads.adunit.AdUnitActivity"
94-->[:UnityAds:] AndroidManifest.xml:15:13-74
95            android:configChanges="fontScale|keyboard|keyboardHidden|locale|mnc|mcc|navigation|orientation|screenLayout|screenSize|smallestScreenSize|uiMode|touchscreen"
95-->[:UnityAds:] AndroidManifest.xml:16:13-170
96            android:hardwareAccelerated="true"
96-->[:UnityAds:] AndroidManifest.xml:17:13-47
97            android:theme="@android:style/Theme.NoTitleBar.Fullscreen" />
97-->[:UnityAds:] AndroidManifest.xml:18:13-71
98        <activity
98-->[:UnityAds:] AndroidManifest.xml:19:9-23:86
99            android:name="com.unity3d.services.ads.adunit.AdUnitTransparentActivity"
99-->[:UnityAds:] AndroidManifest.xml:20:13-85
100            android:configChanges="fontScale|keyboard|keyboardHidden|locale|mnc|mcc|navigation|orientation|screenLayout|screenSize|smallestScreenSize|uiMode|touchscreen"
100-->[:UnityAds:] AndroidManifest.xml:21:13-170
101            android:hardwareAccelerated="true"
101-->[:UnityAds:] AndroidManifest.xml:22:13-47
102            android:theme="@android:style/Theme.Translucent.NoTitleBar.Fullscreen" />
102-->[:UnityAds:] AndroidManifest.xml:23:13-83
103        <activity
103-->[:UnityAds:] AndroidManifest.xml:24:9-28:86
104            android:name="com.unity3d.services.ads.adunit.AdUnitTransparentSoftwareActivity"
104-->[:UnityAds:] AndroidManifest.xml:25:13-93
105            android:configChanges="fontScale|keyboard|keyboardHidden|locale|mnc|mcc|navigation|orientation|screenLayout|screenSize|smallestScreenSize|uiMode|touchscreen"
105-->[:UnityAds:] AndroidManifest.xml:26:13-170
106            android:hardwareAccelerated="false"
106-->[:UnityAds:] AndroidManifest.xml:27:13-48
107            android:theme="@android:style/Theme.Translucent.NoTitleBar.Fullscreen" />
107-->[:UnityAds:] AndroidManifest.xml:28:13-83
108        <activity
108-->[:UnityAds:] AndroidManifest.xml:29:9-33:74
109            android:name="com.unity3d.services.ads.adunit.AdUnitSoftwareActivity"
109-->[:UnityAds:] AndroidManifest.xml:30:13-82
110            android:configChanges="fontScale|keyboard|keyboardHidden|locale|mnc|mcc|navigation|orientation|screenLayout|screenSize|smallestScreenSize|uiMode|touchscreen"
110-->[:UnityAds:] AndroidManifest.xml:31:13-170
111            android:hardwareAccelerated="false"
111-->[:UnityAds:] AndroidManifest.xml:32:13-48
112            android:theme="@android:style/Theme.NoTitleBar.Fullscreen" />
112-->[:UnityAds:] AndroidManifest.xml:33:13-71
113
114        <meta-data
114-->[:billing-5.1.0:] AndroidManifest.xml:23:9-25:37
115            android:name="com.google.android.play.billingclient.version"
115-->[:billing-5.1.0:] AndroidManifest.xml:24:13-73
116            android:value="5.1.0" />
116-->[:billing-5.1.0:] AndroidManifest.xml:25:13-34
117
118        <activity
118-->[:billing-5.1.0:] AndroidManifest.xml:27:9-31:75
119            android:name="com.android.billingclient.api.ProxyBillingActivity"
119-->[:billing-5.1.0:] AndroidManifest.xml:28:13-78
120            android:configChanges="keyboard|keyboardHidden|screenLayout|screenSize|orientation"
120-->[:billing-5.1.0:] AndroidManifest.xml:29:13-96
121            android:exported="false"
121-->[:billing-5.1.0:] AndroidManifest.xml:30:13-37
122            android:theme="@android:style/Theme.Translucent.NoTitleBar" />
122-->[:billing-5.1.0:] AndroidManifest.xml:31:13-72
123    </application>
124
125</manifest>